C:\USERS\MAT\DOCUMENTS\GITHUB\MOBA-TACTICS\MOBA TACTICS\MOBA TACTICS\DEBUG\TINYXML2.OBJ
C:\USERS\MAT\DOCUMENTS\GITHUB\MOBA-TACTICS\MOBA TACTICS\MOBA TACTICS\DEBUG\VC110.PDB
C:\USERS\MAT\DOCUMENTS\GITHUB\MOBA-TACTICS\MOBA TACTICS\MOBA TACTICS\DEBUG\GAME.OBJ
C:\USERS\MAT\DOCUMENTS\GITHUB\MOBA-TACTICS\MOBA TACTICS\MOBA TACTICS\DEBUG\GAMEMANAGER.OBJ
C:\USERS\MAT\DOCUMENTS\GITHUB\MOBA-TACTICS\MOBA TACTICS\MOBA TACTICS\DEBUG\MAIN.OBJ
C:\USERS\MAT\DOCUMENTS\GITHUB\MOBA-TACTICS\MOBA TACTICS\DEBUG\MOBA TACTICS.ILK
C:\USERS\MAT\DOCUMENTS\GITHUB\MOBA-TACTICS\MOBA TACTICS\DEBUG\MOBA TACTICS.EXE
C:\USERS\MAT\DOCUMENTS\GITHUB\MOBA-TACTICS\MOBA TACTICS\DEBUG\MOBA TACTICS.PDB
C:\Users\Mat\Documents\GitHub\MOBA-TACTICS\MOBA Tactics\MOBA Tactics\Debug\Game.obj
C:\Users\Mat\Documents\GitHub\MOBA-TACTICS\MOBA Tactics\MOBA Tactics\Debug\GameManager.obj
C:\Users\Mat\Documents\GitHub\MOBA-TACTICS\MOBA Tactics\MOBA Tactics\Debug\Main.obj
C:\Users\Mat\Documents\GitHub\MOBA-TACTICS\MOBA Tactics\MOBA Tactics\Debug\tinyxml2.obj
C:\Users\Mat\Documents\GitHub\MOBA-TACTICS\MOBA Tactics\MOBA Tactics\Debug\cl.command.1.tlog
C:\Users\Mat\Documents\GitHub\MOBA-TACTICS\MOBA Tactics\MOBA Tactics\Debug\CL.read.1.tlog
C:\Users\Mat\Documents\GitHub\MOBA-TACTICS\MOBA Tactics\MOBA Tactics\Debug\CL.write.1.tlog
C:\Users\Mat\Documents\GitHub\MOBA-TACTICS\MOBA Tactics\MOBA Tactics\Debug\link-cvtres.read.1.tlog
C:\Users\Mat\Documents\GitHub\MOBA-TACTICS\MOBA Tactics\MOBA Tactics\Debug\link-cvtres.write.1.tlog
C:\Users\Mat\Documents\GitHub\MOBA-TACTICS\MOBA Tactics\MOBA Tactics\Debug\link-rc.read.1.tlog
C:\Users\Mat\Documents\GitHub\MOBA-TACTICS\MOBA Tactics\MOBA Tactics\Debug\link-rc.write.1.tlog
C:\Users\Mat\Documents\GitHub\MOBA-TACTICS\MOBA Tactics\MOBA Tactics\Debug\link.command.1.tlog
C:\Users\Mat\Documents\GitHub\MOBA-TACTICS\MOBA Tactics\MOBA Tactics\Debug\link.read.1.tlog
C:\Users\Mat\Documents\GitHub\MOBA-TACTICS\MOBA Tactics\MOBA Tactics\Debug\link.write.1.tlog
C:\Users\Mat\Documents\GitHub\MOBA-TACTICS\MOBA Tactics\MOBA Tactics\Debug\vc110.idb
C:\Users\Mat\Documents\GitHub\MOBA-TACTICS\MOBA Tactics\MOBA Tactics\Debug\vc110.pdb
C:\Users\Mat\Documents\GitHub\MOBA-TACTICS\MOBA Tactics\Debug\MOBA Tactics.pdb
C:\Users\Mat\Documents\GitHub\MOBA-TACTICS\MOBA Tactics\Debug\MOBA Tactics.exe
C:\Users\Mat\Documents\GitHub\MOBA-TACTICS\MOBA Tactics\Debug\MOBA Tactics.ilk
