d:\humber\semester 4\tilemap demo\sdl project\sdl project\debug\vc120.pdb
d:\humber\semester 4\tilemap demo\sdl project\sdl project\debug\01_hello_sdl.obj
d:\humber\semester 4\tilemap demo\sdl project\sdl project\debug\fundamentals.obj
d:\humber\semester 4\tilemap demo\sdl project\sdl project\debug\helperfunctions.obj
d:\humber\semester 4\tilemap demo\sdl project\sdl project\debug\main.obj
d:\humber\semester 4\tilemap demo\sdl project\sdl project\debug\texture.obj
d:\humber\semester 4\tilemap demo\sdl project\sdl project\debug\tile.obj
d:\humber\semester 4\tilemap demo\sdl project\sdl project\debug\tilemap.obj
d:\humber\semester 4\tilemap demo\sdl project\sdl project\debug\tinyxml2.obj
d:\humber\semester 4\tilemap demo\sdl project\sdl project\debug\vc120.idb
d:\humber\semester 4\tilemap demo\sdl project\debug\sdlproject.pdb
d:\humber\semester 4\tilemap demo\sdl project\sdl project\debug\sdlproject.tlog\cl.command.1.tlog
d:\humber\semester 4\tilemap demo\sdl project\sdl project\debug\sdlproject.tlog\cl.write.1.tlog
d:\humber\semester 4\tilemap demo\sdl project\sdl project\debug\sdlproject.tlog\link-cvtres.read.1.tlog
d:\humber\semester 4\tilemap demo\sdl project\sdl project\debug\sdlproject.tlog\link-cvtres.write.1.tlog
d:\humber\semester 4\tilemap demo\sdl project\sdl project\debug\sdlproject.tlog\link-rc.read.1.tlog
d:\humber\semester 4\tilemap demo\sdl project\sdl project\debug\sdlproject.tlog\link-rc.write.1.tlog
d:\humber\semester 4\tilemap demo\sdl project\sdl project\debug\sdlproject.tlog\link.command.1.tlog
d:\humber\semester 4\tilemap demo\sdl project\sdl project\debug\sdlproject.tlog\link.read.1.tlog
d:\humber\semester 4\tilemap demo\sdl project\sdl project\debug\sdlproject.tlog\link.write.1.tlog
